app/build/intermediates/manifest_merge_blame_file/debug/manifest-merger-blame-debug-report.txt
1<?xml version="1.0" encoding="utf-8"?>
2<manifest xmlns:android="http://schemas.android.com/apk/res/android"
3    package="com.demo.document2pdf"
4    android:versionCode="1"
5    android:versionName="1.0" >
6
7    <uses-sdk
8        android:minSdkVersion="21"
8-->src\main\AndroidManifest.xml
9        android:targetSdkVersion="32" />
9-->src\main\AndroidManifest.xml
10
11    <uses-permission android:name="android.permission.WRITE_EXTERNAL_STORAGE" />
11-->src\main\AndroidManifest.xml:6:5-7:40
11-->src\main\AndroidManifest.xml:6:22-78
12    <uses-permission android:name="android.permission.READ_EXTERNAL_STORAGE" />
12-->src\main\AndroidManifest.xml:8:5-79
12-->src\main\AndroidManifest.xml:8:22-77
13    <uses-permission android:name="android.permission.INTERNET" />
13-->src\main\AndroidManifest.xml:9:5-66
13-->src\main\AndroidManifest.xml:9:22-64
14    <uses-permission android:name="android.permission.ACCESS_NETWORK_STATE" />
14-->[com.google.android.gms:play-services-measurement-api:17.2.2] AndroidManifest.xml:23:5-79
14-->[com.google.android.gms:play-services-measurement-api:17.2.2] AndroidManifest.xml:23:22-76
15    <uses-permission android:name="android.permission.WAKE_LOCK" /> <!-- Required by older versions of Google Play services to create IID tokens -->
15-->[com.google.android.gms:play-services-measurement-api:17.2.2] AndroidManifest.xml:24:5-68
15-->[com.google.android.gms:play-services-measurement-api:17.2.2] AndroidManifest.xml:24:22-65
16    <uses-permission android:name="com.google.android.c2dm.permission.RECEIVE" />
16-->[com.google.firebase:firebase-iid:20.1.5] AndroidManifest.xml:26:5-82
16-->[com.google.firebase:firebase-iid:20.1.5] AndroidManifest.xml:26:22-79
17    <uses-permission android:name="com.google.android.finsky.permission.BIND_GET_INSTALL_REFERRER_SERVICE" />
17-->[com.google.android.gms:play-services-measurement:17.2.2] AndroidManifest.xml:26:5-110
17-->[com.google.android.gms:play-services-measurement:17.2.2] AndroidManifest.xml:26:22-107
18
19    <application
19-->src\main\AndroidManifest.xml:12:5-48:19
20        android:allowBackup="true"
20-->src\main\AndroidManifest.xml:13:9-35
21        android:appComponentFactory="androidx.core.app.CoreComponentFactory"
21-->[androidx.core:core:1.1.0] AndroidManifest.xml:24:18-86
22        android:debuggable="true"
23        android:icon="@mipmap/ic_launcher"
23-->src\main\AndroidManifest.xml:14:9-43
24        android:label="@string/app_name"
24-->src\main\AndroidManifest.xml:15:9-41
25        android:roundIcon="@mipmap/ic_launcher_round"
25-->src\main\AndroidManifest.xml:16:9-54
26        android:supportsRtl="true"
26-->src\main\AndroidManifest.xml:17:9-35
27        android:testOnly="true"
28        android:theme="@style/AppTheme" >
28-->src\main\AndroidManifest.xml:18:9-40
29        <activity android:name="com.demo.document2pdf.EditNoteActivity" />
29-->src\main\AndroidManifest.xml:19:9-54
29-->src\main\AndroidManifest.xml:19:19-51
30        <activity android:name="com.demo.document2pdf.AddNoteActivity" />
30-->src\main\AndroidManifest.xml:20:9-53
30-->src\main\AndroidManifest.xml:20:19-50
31        <activity
31-->src\main\AndroidManifest.xml:21:9-31:20
32            android:name="com.demo.document2pdf.MainActivity"
32-->src\main\AndroidManifest.xml:22:13-41
33            android:exported="true"
33-->src\main\AndroidManifest.xml:25:13-36
34            android:label="@string/title_activity_main"
34-->src\main\AndroidManifest.xml:23:13-56
35            android:theme="@style/AppTheme.NoActionBar" >
35-->src\main\AndroidManifest.xml:24:13-56
36            <intent-filter>
36-->src\main\AndroidManifest.xml:26:13-30:29
37                <action android:name="android.intent.action.MAIN" />
37-->src\main\AndroidManifest.xml:27:17-69
37-->src\main\AndroidManifest.xml:27:25-66
38
39                <category android:name="android.intent.category.LAUNCHER" />
39-->src\main\AndroidManifest.xml:29:17-77
39-->src\main\AndroidManifest.xml:29:27-74
40            </intent-filter>
41        </activity>
42        <activity
42-->src\main\AndroidManifest.xml:32:9-33:58
43            android:name="com.theartofdev.edmodo.cropper.CropImageActivity"
43-->src\main\AndroidManifest.xml:32:19-82
44            android:theme="@style/Base.Theme.AppCompat" />
44-->src\main\AndroidManifest.xml:33:13-56
45
46        <meta-data
46-->src\main\AndroidManifest.xml:35:9-37:35
47            android:name="com.google.firebase.ml.vision.DEPENDENCIES"
47-->src\main\AndroidManifest.xml:36:13-70
48            android:value="ocr" />
48-->src\main\AndroidManifest.xml:37:13-32
49
50        <provider
50-->src\main\AndroidManifest.xml:39:9-47:20
51            android:name="androidx.core.content.FileProvider"
51-->src\main\AndroidManifest.xml:40:13-62
52            android:authorities="com.demo.document2pdf"
52-->src\main\AndroidManifest.xml:41:13-56
53            android:exported="false"
53-->src\main\AndroidManifest.xml:42:13-37
54            android:grantUriPermissions="true" >
54-->src\main\AndroidManifest.xml:43:13-47
55            <meta-data
55-->src\main\AndroidManifest.xml:44:13-46:53
56                android:name="android.support.FILE_PROVIDER_PATHS"
56-->src\main\AndroidManifest.xml:45:17-67
57                android:resource="@xml/file_path" />
57-->src\main\AndroidManifest.xml:46:17-50
58        </provider>
59
60        <service
60-->[com.google.firebase:firebase-ml-vision:24.0.3] AndroidManifest.xml:9:9-15:19
61            android:name="com.google.firebase.components.ComponentDiscoveryService"
61-->[com.google.firebase:firebase-ml-vision:24.0.3] AndroidManifest.xml:10:13-84
62            android:directBootAware="true"
62-->[com.google.firebase:firebase-common:19.3.0] AndroidManifest.xml:34:13-43
63            android:exported="false" >
63-->[com.google.firebase:firebase-ml-vision:24.0.3] AndroidManifest.xml:11:13-37
64            <meta-data
64-->[com.google.firebase:firebase-ml-vision:24.0.3] AndroidManifest.xml:12:13-14:85
65                android:name="com.google.firebase.components:com.google.firebase.ml.vision.VisionRegistrar"
65-->[com.google.firebase:firebase-ml-vision:24.0.3] AndroidManifest.xml:13:17-108
66                android:value="com.google.firebase.components.ComponentRegistrar" />
66-->[com.google.firebase:firebase-ml-vision:24.0.3] AndroidManifest.xml:14:17-82
67            <meta-data
67-->[com.google.firebase:firebase-ml-common:22.1.1] AndroidManifest.xml:11:13-13:85
68                android:name="com.google.firebase.components:com.google.firebase.ml.common.CommonComponentRegistrar"
68-->[com.google.firebase:firebase-ml-common:22.1.1] AndroidManifest.xml:12:17-117
69                android:value="com.google.firebase.components.ComponentRegistrar" />
69-->[com.google.firebase:firebase-ml-common:22.1.1] AndroidManifest.xml:13:17-82
70            <meta-data
70-->[com.google.android.gms:play-services-measurement-api:17.2.2] AndroidManifest.xml:30:13-32:85
71                android:name="com.google.firebase.components:com.google.firebase.analytics.connector.internal.AnalyticsConnectorRegistrar"
71-->[com.google.android.gms:play-services-measurement-api:17.2.2] AndroidManifest.xml:31:17-139
72                android:value="com.google.firebase.components.ComponentRegistrar" />
72-->[com.google.android.gms:play-services-measurement-api:17.2.2] AndroidManifest.xml:32:17-82
73            <meta-data
73-->[com.google.firebase:firebase-iid:20.1.5] AndroidManifest.xml:32:13-34:85
74                android:name="com.google.firebase.components:com.google.firebase.iid.Registrar"
74-->[com.google.firebase:firebase-iid:20.1.5] AndroidManifest.xml:33:17-96
75                android:value="com.google.firebase.components.ComponentRegistrar" />
75-->[com.google.firebase:firebase-iid:20.1.5] AndroidManifest.xml:34:17-82
76            <meta-data
76-->[com.google.firebase:firebase-installations:16.2.1] AndroidManifest.xml:17:13-19:85
77                android:name="com.google.firebase.components:com.google.firebase.installations.FirebaseInstallationsRegistrar"
77-->[com.google.firebase:firebase-installations:16.2.1] AndroidManifest.xml:18:17-127
78                android:value="com.google.firebase.components.ComponentRegistrar" />
78-->[com.google.firebase:firebase-installations:16.2.1] AndroidManifest.xml:19:17-82
79        </service>
80        <service
80-->[androidx.room:room-runtime:2.2.5] AndroidManifest.xml:25:9-28:40
81            android:name="androidx.room.MultiInstanceInvalidationService"
81-->[androidx.room:room-runtime:2.2.5] AndroidManifest.xml:26:13-74
82            android:directBootAware="true"
82-->[androidx.room:room-runtime:2.2.5] AndroidManifest.xml:27:13-43
83            android:exported="false" />
83-->[androidx.room:room-runtime:2.2.5] AndroidManifest.xml:28:13-37
84
85        <receiver
85-->[com.google.firebase:firebase-iid:20.1.5] AndroidManifest.xml:37:9-44:20
86            android:name="com.google.firebase.iid.FirebaseInstanceIdReceiver"
86-->[com.google.firebase:firebase-iid:20.1.5] AndroidManifest.xml:38:13-78
87            android:exported="true"
87-->[com.google.firebase:firebase-iid:20.1.5] AndroidManifest.xml:39:13-36
88            android:permission="com.google.android.c2dm.permission.SEND" >
88-->[com.google.firebase:firebase-iid:20.1.5] AndroidManifest.xml:40:13-73
89            <intent-filter>
89-->[com.google.firebase:firebase-iid:20.1.5] AndroidManifest.xml:41:13-43:29
90                <action android:name="com.google.android.c2dm.intent.RECEIVE" />
90-->[com.google.firebase:firebase-iid:20.1.5] AndroidManifest.xml:42:17-81
90-->[com.google.firebase:firebase-iid:20.1.5] AndroidManifest.xml:42:25-78
91            </intent-filter>
92        </receiver>
93
94        <activity
94-->[com.google.android.gms:play-services-base:17.0.0] AndroidManifest.xml:23:9-26:75
95            android:name="com.google.android.gms.common.api.GoogleApiActivity"
95-->[com.google.android.gms:play-services-base:17.0.0] AndroidManifest.xml:24:13-79
96            android:exported="false"
96-->[com.google.android.gms:play-services-base:17.0.0] AndroidManifest.xml:25:13-37
97            android:theme="@android:style/Theme.Translucent.NoTitleBar" />
97-->[com.google.android.gms:play-services-base:17.0.0] AndroidManifest.xml:26:13-72
98
99        <provider
99-->[com.google.firebase:firebase-common:19.3.0] AndroidManifest.xml:26:9-30:39
100            android:name="com.google.firebase.provider.FirebaseInitProvider"
100-->[com.google.firebase:firebase-common:19.3.0] AndroidManifest.xml:27:13-77
101            android:authorities="com.demo.document2pdf.firebaseinitprovider"
101-->[com.google.firebase:firebase-common:19.3.0] AndroidManifest.xml:28:13-72
102            android:exported="false"
102-->[com.google.firebase:firebase-common:19.3.0] AndroidManifest.xml:29:13-37
103            android:initOrder="100" />
103-->[com.google.firebase:firebase-common:19.3.0] AndroidManifest.xml:30:13-36
104
105        <receiver
105-->[com.google.android.gms:play-services-measurement:17.2.2] AndroidManifest.xml:29:9-33:20
106            android:name="com.google.android.gms.measurement.AppMeasurementReceiver"
106-->[com.google.android.gms:play-services-measurement:17.2.2] AndroidManifest.xml:30:13-85
107            android:enabled="true"
107-->[com.google.android.gms:play-services-measurement:17.2.2] AndroidManifest.xml:31:13-35
108            android:exported="false" >
108-->[com.google.android.gms:play-services-measurement:17.2.2] AndroidManifest.xml:32:13-37
109        </receiver>
110        <receiver
110-->[com.google.android.gms:play-services-measurement:17.2.2] AndroidManifest.xml:34:9-42:20
111            android:name="com.google.android.gms.measurement.AppMeasurementInstallReferrerReceiver"
111-->[com.google.android.gms:play-services-measurement:17.2.2] AndroidManifest.xml:35:13-100
112            android:enabled="true"
112-->[com.google.android.gms:play-services-measurement:17.2.2] AndroidManifest.xml:36:13-35
113            android:exported="true"
113-->[com.google.android.gms:play-services-measurement:17.2.2] AndroidManifest.xml:37:13-36
114            android:permission="android.permission.INSTALL_PACKAGES" >
114-->[com.google.android.gms:play-services-measurement:17.2.2] AndroidManifest.xml:38:13-69
115            <intent-filter>
115-->[com.google.android.gms:play-services-measurement:17.2.2] AndroidManifest.xml:39:13-41:29
116                <action android:name="com.android.vending.INSTALL_REFERRER" />
116-->[com.google.android.gms:play-services-measurement:17.2.2] AndroidManifest.xml:40:17-79
116-->[com.google.android.gms:play-services-measurement:17.2.2] AndroidManifest.xml:40:25-76
117            </intent-filter>
118        </receiver>
119
120        <service
120-->[com.google.android.gms:play-services-measurement:17.2.2] AndroidManifest.xml:44:9-47:40
121            android:name="com.google.android.gms.measurement.AppMeasurementService"
121-->[com.google.android.gms:play-services-measurement:17.2.2] AndroidManifest.xml:45:13-84
122            android:enabled="true"
122-->[com.google.android.gms:play-services-measurement:17.2.2] AndroidManifest.xml:46:13-35
123            android:exported="false" />
123-->[com.google.android.gms:play-services-measurement:17.2.2] AndroidManifest.xml:47:13-37
124        <service
124-->[com.google.android.gms:play-services-measurement:17.2.2] AndroidManifest.xml:48:9-52:72
125            android:name="com.google.android.gms.measurement.AppMeasurementJobService"
125-->[com.google.android.gms:play-services-measurement:17.2.2] AndroidManifest.xml:49:13-87
126            android:enabled="true"
126-->[com.google.android.gms:play-services-measurement:17.2.2] AndroidManifest.xml:50:13-35
127            android:exported="false"
127-->[com.google.android.gms:play-services-measurement:17.2.2] AndroidManifest.xml:51:13-37
128            android:permission="android.permission.BIND_JOB_SERVICE" />
128-->[com.google.android.gms:play-services-measurement:17.2.2] AndroidManifest.xml:52:13-69
129
130        <meta-data
130-->[com.google.android.gms:play-services-basement:17.0.0] AndroidManifest.xml:23:9-25:69
131            android:name="com.google.android.gms.version"
131-->[com.google.android.gms:play-services-basement:17.0.0] AndroidManifest.xml:24:13-58
132            android:value="@integer/google_play_services_version" />
132-->[com.google.android.gms:play-services-basement:17.0.0] AndroidManifest.xml:25:13-66
133    </application>
134
135</manifest>